2017-04-23 09:47:56.406 [ERROR] [PathChildrenCache.handleException:566] - java.lang.NullPointerException: null
	at com.mathbeta.rational.master.utils.CommandUtil$2.childEvent(CommandUtil.java:73) ~[classes/:?]
	at org.apache.curator.framework.recipes.cache.PathChildrenCache$5.apply(PathChildrenCache.java:518) [curator-recipes-2.9.1.jar:?]
	at org.apache.curator.framework.recipes.cache.PathChildrenCache$5.apply(PathChildrenCache.java:512) [curator-recipes-2.9.1.jar:?]
	at org.apache.curator.framework.listen.ListenerContainer$1.run(ListenerContainer.java:92) [curator-framework-2.9.1.jar:?]
	at com.google.common.util.concurrent.MoreExecutors$DirectExecutorService.execute(MoreExecutors.java:310) [guava-19.0.jar:?]
	at org.apache.curator.framework.listen.ListenerContainer.forEach(ListenerContainer.java:83) [curator-framework-2.9.1.jar:?]
	at org.apache.curator.framework.recipes.cache.PathChildrenCache.callListeners(PathChildrenCache.java:509) [curator-recipes-2.9.1.jar:?]
	at org.apache.curator.framework.recipes.cache.EventOperation.invoke(EventOperation.java:35) [curator-recipes-2.9.1.jar:?]
	at org.apache.curator.framework.recipes.cache.PathChildrenCache$9.run(PathChildrenCache.java:766) [curator-recipes-2.9.1.jar:?]
	at java.util.concurrent.Executors$RunnableAdapter.call(Executors.java:511) [?:1.8.0_112]
	at java.util.concurrent.FutureTask.run(FutureTask.java:266) [?:1.8.0_112]
	at java.util.concurrent.Executors$RunnableAdapter.call(Executors.java:511) [?:1.8.0_112]
	at java.util.concurrent.FutureTask.run(FutureTask.java:266) [?:1.8.0_112]
	at java.util.concurrent.ThreadPoolExecutor.runWorker(ThreadPoolExecutor.java:1142) [?:1.8.0_112]
	at java.util.concurrent.ThreadPoolExecutor$Worker.run(ThreadPoolExecutor.java:617) [?:1.8.0_112]
	at java.lang.Thread.run(Thread.java:745) [?:1.8.0_112]

2017-04-23 09:47:58.296 [ERROR] [PathChildrenCache.handleException:566] - java.lang.NullPointerException: null
	at com.mathbeta.rational.master.utils.CommandUtil$2.childEvent(CommandUtil.java:73) ~[classes/:?]
	at org.apache.curator.framework.recipes.cache.PathChildrenCache$5.apply(PathChildrenCache.java:518) [curator-recipes-2.9.1.jar:?]
	at org.apache.curator.framework.recipes.cache.PathChildrenCache$5.apply(PathChildrenCache.java:512) [curator-recipes-2.9.1.jar:?]
	at org.apache.curator.framework.listen.ListenerContainer$1.run(ListenerContainer.java:92) [curator-framework-2.9.1.jar:?]
	at com.google.common.util.concurrent.MoreExecutors$DirectExecutorService.execute(MoreExecutors.java:310) [guava-19.0.jar:?]
	at org.apache.curator.framework.listen.ListenerContainer.forEach(ListenerContainer.java:83) [curator-framework-2.9.1.jar:?]
	at org.apache.curator.framework.recipes.cache.PathChildrenCache.callListeners(PathChildrenCache.java:509) [curator-recipes-2.9.1.jar:?]
	at org.apache.curator.framework.recipes.cache.EventOperation.invoke(EventOperation.java:35) [curator-recipes-2.9.1.jar:?]
	at org.apache.curator.framework.recipes.cache.PathChildrenCache$9.run(PathChildrenCache.java:766) [curator-recipes-2.9.1.jar:?]
	at java.util.concurrent.Executors$RunnableAdapter.call(Executors.java:511) [?:1.8.0_112]
	at java.util.concurrent.FutureTask.run(FutureTask.java:266) [?:1.8.0_112]
	at java.util.concurrent.Executors$RunnableAdapter.call(Executors.java:511) [?:1.8.0_112]
	at java.util.concurrent.FutureTask.run(FutureTask.java:266) [?:1.8.0_112]
	at java.util.concurrent.ThreadPoolExecutor.runWorker(ThreadPoolExecutor.java:1142) [?:1.8.0_112]
	at java.util.concurrent.ThreadPoolExecutor$Worker.run(ThreadPoolExecutor.java:617) [?:1.8.0_112]
	at java.lang.Thread.run(Thread.java:745) [?:1.8.0_112]

2017-04-23 09:47:58.453 [ERROR] [PathChildrenCache.handleException:566] - java.lang.NullPointerException: null
	at com.mathbeta.rational.master.utils.CommandUtil$2.childEvent(CommandUtil.java:73) ~[classes/:?]
	at org.apache.curator.framework.recipes.cache.PathChildrenCache$5.apply(PathChildrenCache.java:518) [curator-recipes-2.9.1.jar:?]
	at org.apache.curator.framework.recipes.cache.PathChildrenCache$5.apply(PathChildrenCache.java:512) [curator-recipes-2.9.1.jar:?]
	at org.apache.curator.framework.listen.ListenerContainer$1.run(ListenerContainer.java:92) [curator-framework-2.9.1.jar:?]
	at com.google.common.util.concurrent.MoreExecutors$DirectExecutorService.execute(MoreExecutors.java:310) [guava-19.0.jar:?]
	at org.apache.curator.framework.listen.ListenerContainer.forEach(ListenerContainer.java:83) [curator-framework-2.9.1.jar:?]
	at org.apache.curator.framework.recipes.cache.PathChildrenCache.callListeners(PathChildrenCache.java:509) [curator-recipes-2.9.1.jar:?]
	at org.apache.curator.framework.recipes.cache.EventOperation.invoke(EventOperation.java:35) [curator-recipes-2.9.1.jar:?]
	at org.apache.curator.framework.recipes.cache.PathChildrenCache$9.run(PathChildrenCache.java:766) [curator-recipes-2.9.1.jar:?]
	at java.util.concurrent.Executors$RunnableAdapter.call(Executors.java:511) [?:1.8.0_112]
	at java.util.concurrent.FutureTask.run(FutureTask.java:266) [?:1.8.0_112]
	at java.util.concurrent.Executors$RunnableAdapter.call(Executors.java:511) [?:1.8.0_112]
	at java.util.concurrent.FutureTask.run(FutureTask.java:266) [?:1.8.0_112]
	at java.util.concurrent.ThreadPoolExecutor.runWorker(ThreadPoolExecutor.java:1142) [?:1.8.0_112]
	at java.util.concurrent.ThreadPoolExecutor$Worker.run(ThreadPoolExecutor.java:617) [?:1.8.0_112]
	at java.lang.Thread.run(Thread.java:745) [?:1.8.0_112]

2017-04-23 09:59:04.062 [ERROR] [PathChildrenCache.handleException:566] - org.apache.zookeeper.KeeperException$NoNodeException: KeeperErrorCode = NoNode for /com.mathbeta.rational/minion/minions/127.0.0.1
	at org.apache.zookeeper.KeeperException.create(KeeperException.java:111) ~[zookeeper-3.4.6.jar:3.4.6-1569965]
	at org.apache.zookeeper.KeeperException.create(KeeperException.java:51) ~[zookeeper-3.4.6.jar:3.4.6-1569965]
	at org.apache.zookeeper.ZooKeeper.getData(ZooKeeper.java:1155) ~[zookeeper-3.4.6.jar:3.4.6-1569965]
	at org.apache.curator.framework.imps.GetDataBuilderImpl$4.call(GetDataBuilderImpl.java:302) ~[curator-framework-2.9.1.jar:?]
	at org.apache.curator.framework.imps.GetDataBuilderImpl$4.call(GetDataBuilderImpl.java:291) ~[curator-framework-2.9.1.jar:?]
	at org.apache.curator.RetryLoop.callWithRetry(RetryLoop.java:107) ~[curator-client-2.9.1.jar:?]
	at org.apache.curator.framework.imps.GetDataBuilderImpl.pathInForeground(GetDataBuilderImpl.java:287) ~[curator-framework-2.9.1.jar:?]
	at org.apache.curator.framework.imps.GetDataBuilderImpl.forPath(GetDataBuilderImpl.java:279) ~[curator-framework-2.9.1.jar:?]
	at org.apache.curator.framework.imps.GetDataBuilderImpl.forPath(GetDataBuilderImpl.java:41) ~[curator-framework-2.9.1.jar:?]
	at com.mathbeta.rational.common.utils.ZkUtil.getNode(ZkUtil.java:28) ~[classes/:?]
	at com.mathbeta.rational.master.utils.CommandUtil$2.childEvent(CommandUtil.java:75) ~[classes/:?]
	at org.apache.curator.framework.recipes.cache.PathChildrenCache$5.apply(PathChildrenCache.java:518) [curator-recipes-2.9.1.jar:?]
	at org.apache.curator.framework.recipes.cache.PathChildrenCache$5.apply(PathChildrenCache.java:512) [curator-recipes-2.9.1.jar:?]
	at org.apache.curator.framework.listen.ListenerContainer$1.run(ListenerContainer.java:92) [curator-framework-2.9.1.jar:?]
	at com.google.common.util.concurrent.MoreExecutors$DirectExecutorService.execute(MoreExecutors.java:310) [guava-19.0.jar:?]
	at org.apache.curator.framework.listen.ListenerContainer.forEach(ListenerContainer.java:83) [curator-framework-2.9.1.jar:?]
	at org.apache.curator.framework.recipes.cache.PathChildrenCache.callListeners(PathChildrenCache.java:509) [curator-recipes-2.9.1.jar:?]
	at org.apache.curator.framework.recipes.cache.EventOperation.invoke(EventOperation.java:35) [curator-recipes-2.9.1.jar:?]
	at org.apache.curator.framework.recipes.cache.PathChildrenCache$9.run(PathChildrenCache.java:766) [curator-recipes-2.9.1.jar:?]
	at java.util.concurrent.Executors$RunnableAdapter.call(Executors.java:511) [?:1.8.0_112]
	at java.util.concurrent.FutureTask.run(FutureTask.java:266) [?:1.8.0_112]
	at java.util.concurrent.Executors$RunnableAdapter.call(Executors.java:511) [?:1.8.0_112]
	at java.util.concurrent.FutureTask.run(FutureTask.java:266) [?:1.8.0_112]
	at java.util.concurrent.ThreadPoolExecutor.runWorker(ThreadPoolExecutor.java:1142) [?:1.8.0_112]
	at java.util.concurrent.ThreadPoolExecutor$Worker.run(ThreadPoolExecutor.java:617) [?:1.8.0_112]
	at java.lang.Thread.run(Thread.java:745) [?:1.8.0_112]

